SF:/Users/brandontrautmann/Development/playgrounds/store_lib/store/lib/src/store.dart
DA:17,1
DA:20,1
DA:26,1
DA:30,1
DA:46,1
DA:49,2
DA:50,2
DA:51,2
DA:52,3
DA:53,2
DA:55,3
DA:56,1
DA:57,2
DA:60,1
DA:61,1
DA:62,2
DA:63,1
DA:64,2
DA:69,2
DA:70,4
DA:71,2
DA:72,1
DA:74,4
DA:75,1
DA:76,1
DA:77,1
DA:78,3
DA:79,1
DA:80,3
DA:84,2
DA:85,1
DA:87,2
DA:88,1
DA:89,2
DA:93,4
DA:94,1
DA:105,1
DA:106,3
DA:107,6
DA:114,1
DA:115,4
DA:116,4
DA:123,1
DA:124,4
DA:125,3
DA:131,1
DA:132,3
DA:133,3
DA:153,1
DA:161,1
DA:162,2
DA:164,0
DA:167,2
DA:169,6
DA:170,2
DA:173,2
DA:174,2
DA:175,2
DA:176,2
DA:177,2
DA:179,2
DA:180,2
DA:181,4
DA:182,2
DA:198,1
DA:211,1
DA:217,1
DA:228,1
DA:229,2
DA:234,1
DA:235,2
DA:240,1
DA:241,2
DA:245,1
DA:246,2
DA:276,1
DA:285,1
DA:286,1
DA:297,1
DA:301,1
DA:318,1
DA:330,1
DA:335,1
DA:336,3
DA:344,1
DA:346,1
DA:347,2
DA:360,0
DA:365,0
DA:366,0
DA:371,1
LF:91
LH:87
end_of_record
